Mon  6 Dec 2010 14:36:55 GMT	1291646215	 33596
Mon  6 Dec 2010 14:37:00 GMT	1291646220	 38600
Mon  6 Dec 2010 14:37:05 GMT	1291646225	 32284
Mon  6 Dec 2010 14:37:10 GMT	1291646230	 36512
Mon  6 Dec 2010 14:37:15 GMT	1291646235	 32856
Mon  6 Dec 2010 14:37:20 GMT	1291646240	 32856
Mon  6 Dec 2010 14:37:25 GMT	1291646245	 32856
Mon  6 Dec 2010 14:37:30 GMT	1291646250	 32856
Mon  6 Dec 2010 14:37:35 GMT	1291646255	 32856
Mon  6 Dec 2010 14:37:40 GMT	1291646260	 32856
Mon  6 Dec 2010 14:37:45 GMT	1291646265	 32856
Mon  6 Dec 2010 14:37:50 GMT	1291646270	 32856
Mon  6 Dec 2010 14:37:55 GMT	1291646275	 32856
Mon  6 Dec 2010 14:38:00 GMT	1291646280	 39384
Mon  6 Dec 2010 14:38:05 GMT	1291646285	 41864
Mon  6 Dec 2010 14:38:10 GMT	1291646290	 41604
Mon  6 Dec 2010 14:38:15 GMT	1291646295	 34928
Mon  6 Dec 2010 14:38:20 GMT	1291646300	 34976
Mon  6 Dec 2010 14:38:25 GMT	1291646305	 44484
Mon  6 Dec 2010 14:38:30 GMT	1291646310	 48028
Mon  6 Dec 2010 14:38:35 GMT	1291646315	 49616
Mon  6 Dec 2010 14:38:40 GMT	1291646320	 49108
Mon  6 Dec 2010 14:38:45 GMT	1291646325	 46132
Mon  6 Dec 2010 14:38:50 GMT	1291646330	 46092
Mon  6 Dec 2010 14:38:55 GMT	1291646335	 42436
Mon  6 Dec 2010 14:39:00 GMT	1291646340	 46956
Mon  6 Dec 2010 14:39:05 GMT	1291646345	 46956
Mon  6 Dec 2010 14:39:10 GMT	1291646350	 46972
Mon  6 Dec 2010 14:39:15 GMT	1291646355	 42840
Mon  6 Dec 2010 14:39:20 GMT	1291646360	 42832
Mon  6 Dec 2010 14:39:25 GMT	1291646365	 42832
Mon  6 Dec 2010 14:39:30 GMT	1291646370	 42816
Mon  6 Dec 2010 14:39:35 GMT	1291646375	 42816
Mon  6 Dec 2010 14:39:40 GMT	1291646380	 42816
Mon  6 Dec 2010 14:39:45 GMT	1291646385	 42816
Mon  6 Dec 2010 14:39:50 GMT	1291646390	 42816
Mon  6 Dec 2010 14:39:55 GMT	1291646395	 42816
Mon  6 Dec 2010 14:40:00 GMT	1291646400	 42816
Mon  6 Dec 2010 14:40:05 GMT	1291646405	 42816
Mon  6 Dec 2010 14:40:10 GMT	1291646410	 42816
Mon  6 Dec 2010 14:40:15 GMT	1291646415	 42824
Mon  6 Dec 2010 14:40:20 GMT	1291646420	 42816
Mon  6 Dec 2010 14:40:25 GMT	1291646425	 42816
Mon  6 Dec 2010 14:40:30 GMT	1291646430	 42816
Mon  6 Dec 2010 14:40:35 GMT	1291646435	 42816
Mon  6 Dec 2010 14:40:40 GMT	1291646440	 42816
Mon  6 Dec 2010 14:40:45 GMT	1291646445	 42816
Mon  6 Dec 2010 14:40:50 GMT	1291646450	 42816
Mon  6 Dec 2010 14:40:55 GMT	1291646455	 42816
Mon  6 Dec 2010 14:41:00 GMT	1291646460	 42816
Mon  6 Dec 2010 14:41:05 GMT	1291646465	 42816
Mon  6 Dec 2010 14:41:10 GMT	1291646470	 42816
Mon  6 Dec 2010 14:41:15 GMT	1291646475	 42816
Mon  6 Dec 2010 14:41:20 GMT	1291646480	 42824
Mon  6 Dec 2010 14:41:25 GMT	1291646485	 42816
Mon  6 Dec 2010 14:41:30 GMT	1291646490	 42816
Mon  6 Dec 2010 14:41:35 GMT	1291646495	 42816
Mon  6 Dec 2010 14:41:40 GMT	1291646500	 42816
Mon  6 Dec 2010 14:41:45 GMT	1291646505	 42816
Mon  6 Dec 2010 14:41:50 GMT	1291646510	 42816
Mon  6 Dec 2010 14:41:55 GMT	1291646515	 42816
Mon  6 Dec 2010 14:42:00 GMT	1291646520	 42816
Mon  6 Dec 2010 14:42:05 GMT	1291646525	 42816
Mon  6 Dec 2010 14:42:10 GMT	1291646530	 42816
Mon  6 Dec 2010 14:42:15 GMT	1291646535	 42816
Mon  6 Dec 2010 14:42:20 GMT	1291646540	 42824
Mon  6 Dec 2010 14:42:25 GMT	1291646545	 42816
Mon  6 Dec 2010 14:42:30 GMT	1291646550	 42816
Mon  6 Dec 2010 14:42:35 GMT	1291646555	 42816
Mon  6 Dec 2010 14:42:40 GMT	1291646560	 42816
Mon  6 Dec 2010 14:42:45 GMT	1291646565	 42816
Mon  6 Dec 2010 14:42:50 GMT	1291646570	 42816
Mon  6 Dec 2010 14:42:55 GMT	1291646575	 42816
Mon  6 Dec 2010 14:43:00 GMT	1291646580	 42816
Mon  6 Dec 2010 14:43:05 GMT	1291646585	 42816
Mon  6 Dec 2010 14:43:10 GMT	1291646590	 42816
Mon  6 Dec 2010 14:43:15 GMT	1291646596	 42816
Mon  6 Dec 2010 14:43:21 GMT	1291646601	 42816
Mon  6 Dec 2010 14:43:26 GMT	1291646606	 46568
Mon  6 Dec 2010 14:43:31 GMT	1291646611	 46596
Mon  6 Dec 2010 14:43:36 GMT	1291646616	 42948
Mon  6 Dec 2010 14:43:41 GMT	1291646621	 42948
Mon  6 Dec 2010 14:43:46 GMT	1291646626	 47176
Mon  6 Dec 2010 14:43:51 GMT	1291646631	 47296
Mon  6 Dec 2010 14:43:56 GMT	1291646636	 43156
Mon  6 Dec 2010 14:44:01 GMT	1291646641	 45824
Mon  6 Dec 2010 14:44:06 GMT	1291646646	 49024
Mon  6 Dec 2010 14:44:11 GMT	1291646651	 49024
Mon  6 Dec 2010 14:44:16 GMT	1291646656	 49508
Mon  6 Dec 2010 14:44:21 GMT	1291646661	 49508
Mon  6 Dec 2010 14:44:26 GMT	1291646666	 43192
Mon  6 Dec 2010 14:44:31 GMT	1291646671	 43200
Mon  6 Dec 2010 14:44:36 GMT	1291646676	 43192
Mon  6 Dec 2010 14:44:41 GMT	1291646681	 43192
Mon  6 Dec 2010 14:44:46 GMT	1291646686	 43192
Mon  6 Dec 2010 14:44:51 GMT	1291646691	 43240
Mon  6 Dec 2010 14:44:56 GMT	1291646696	 46896
Mon  6 Dec 2010 14:45:01 GMT	1291646701	 46404
Mon  6 Dec 2010 14:45:06 GMT	1291646706	 42708
Mon  6 Dec 2010 14:45:11 GMT	1291646711	 42708
Mon  6 Dec 2010 14:45:16 GMT	1291646716	 42708
Mon  6 Dec 2010 14:45:21 GMT	1291646721	 45420
Mon  6 Dec 2010 14:45:26 GMT	1291646726	 46400
Mon  6 Dec 2010 14:45:31 GMT	1291646731	 42712
Mon  6 Dec 2010 14:45:36 GMT	1291646736	 42704
Mon  6 Dec 2010 14:45:41 GMT	1291646741	 42704
Mon  6 Dec 2010 14:45:46 GMT	1291646746	 42704
Mon  6 Dec 2010 14:45:51 GMT	1291646751	 42704
Mon  6 Dec 2010 14:45:56 GMT	1291646756	 42704
Mon  6 Dec 2010 14:46:01 GMT	1291646761	 42704
Mon  6 Dec 2010 14:46:06 GMT	1291646766	 42704
Mon  6 Dec 2010 14:46:11 GMT	1291646771	 42704
Mon  6 Dec 2010 14:46:16 GMT	1291646776	 42704
Mon  6 Dec 2010 14:46:21 GMT	1291646781	 42704
Mon  6 Dec 2010 14:46:26 GMT	1291646786	 42704
Mon  6 Dec 2010 14:46:31 GMT	1291646791	 42704
Mon  6 Dec 2010 14:46:36 GMT	1291646796	 42712
Mon  6 Dec 2010 14:46:41 GMT	1291646801	 42704
Mon  6 Dec 2010 14:46:46 GMT	1291646806	 42704
Mon  6 Dec 2010 14:46:51 GMT	1291646811	 42704
Mon  6 Dec 2010 14:46:56 GMT	1291646816	 42704
Mon  6 Dec 2010 14:47:01 GMT	1291646821	 42704
Mon  6 Dec 2010 14:47:06 GMT	1291646826	 42704
Mon  6 Dec 2010 14:47:11 GMT	1291646831	 42704
Mon  6 Dec 2010 14:47:16 GMT	1291646836	 43196
Mon  6 Dec 2010 14:47:21 GMT	1291646841	 43196
Mon  6 Dec 2010 14:47:26 GMT	1291646846	 42704
Mon  6 Dec 2010 14:47:31 GMT	1291646851	 43196
Mon  6 Dec 2010 14:47:36 GMT	1291646856	 43204
Mon  6 Dec 2010 14:47:41 GMT	1291646861	 43196
Mon  6 Dec 2010 14:47:46 GMT	1291646866	 42704
Mon  6 Dec 2010 14:47:51 GMT	1291646871	 42704
Mon  6 Dec 2010 14:47:56 GMT	1291646876	 42704
Mon  6 Dec 2010 14:48:01 GMT	1291646881	 42704
Mon  6 Dec 2010 14:48:06 GMT	1291646886	 42704
Mon  6 Dec 2010 14:48:11 GMT	1291646891	 42704
Mon  6 Dec 2010 14:48:16 GMT	1291646896	 42704
Mon  6 Dec 2010 14:48:21 GMT	1291646901	 42704
Mon  6 Dec 2010 14:48:26 GMT	1291646906	 42704
Mon  6 Dec 2010 14:48:31 GMT	1291646911	 42704
Mon  6 Dec 2010 14:48:36 GMT	1291646916	 42704
Mon  6 Dec 2010 14:48:41 GMT	1291646921	 42712
Mon  6 Dec 2010 14:48:46 GMT	1291646926	 46852
Mon  6 Dec 2010 14:48:51 GMT	1291646931	 46852
Mon  6 Dec 2010 14:48:56 GMT	1291646936	 43204
Mon  6 Dec 2010 14:49:01 GMT	1291646941	 46856
Mon  6 Dec 2010 14:49:06 GMT	1291646946	 46856
Mon  6 Dec 2010 14:49:11 GMT	1291646951	 46856
Mon  6 Dec 2010 14:49:16 GMT	1291646956	 43208
Mon  6 Dec 2010 14:49:21 GMT	1291646961	 42716
Mon  6 Dec 2010 14:49:26 GMT	1291646966	 42716
Mon  6 Dec 2010 14:49:31 GMT	1291646971	 42716
Mon  6 Dec 2010 14:49:36 GMT	1291646976	 42716
Mon  6 Dec 2010 14:49:41 GMT	1291646981	 42724
Mon  6 Dec 2010 14:49:46 GMT	1291646986	 42716
Mon  6 Dec 2010 14:49:51 GMT	1291646991	 42716
Mon  6 Dec 2010 14:49:56 GMT	1291646996	 42716
Mon  6 Dec 2010 14:50:01 GMT	1291647001	 42716
Mon  6 Dec 2010 14:50:06 GMT	1291647006	 42716
Mon  6 Dec 2010 14:50:11 GMT	1291647011	 42716
Mon  6 Dec 2010 14:50:16 GMT	1291647016	 42716
Mon  6 Dec 2010 14:50:21 GMT	1291647021	 42716
Mon  6 Dec 2010 14:50:26 GMT	1291647026	 42716
Mon  6 Dec 2010 14:50:31 GMT	1291647031	 42716
Mon  6 Dec 2010 14:50:36 GMT	1291647036	 42716
Mon  6 Dec 2010 14:50:41 GMT	1291647041	 42716
Mon  6 Dec 2010 14:50:46 GMT	1291647046	 42484
